Data loaded from the path - /home/ubuntu/Desktop/Mongodb/~/.vscode-root/User/globalStorage/rangav.vscode-thunder-client

Settings Data:
saveToWorkspace: undefined
workspaceRelativePath: 
multiRootWorkspaceName: 
customLocation: undefined
htmlReportResponseLimit: 100
activeEnvironmentSelection: Save To File



---------------- Running Request: ----------------
Environment Used: mongodb (Active)
Request Url: http://localhost:3001/user
Method: GET
Request Headers:
{
  "accept-encoding": "gzip, deflate, br",
  "Accept": "*/*",
  "User-Agent": "Thunder Client (https://www.thunderclient.com)"
}

---------------- Running Request: ----------------
Environment Used: mongodb (Active)
Request Url: http://localhost:3001/user/create
Method: GET
Request Headers:
{
  "accept-encoding": "gzip, deflate, br",
  "Accept": "*/*",
  "User-Agent": "Thunder Client (https://www.thunderclient.com)"
}

---------------- Running Request: ----------------
Environment Used: mongodb (Active)
Request Url: http://localhost:3001/user/create
Method: POST
Request Headers:
{
  "accept-encoding": "gzip, deflate, br",
  "Accept": "*/*",
  "User-Agent": "Thunder Client (https://www.thunderclient.com)"
}

---------------- Running Request: ----------------
Environment Used: mongodb (Active)
Request Url: http://localhost:3001/user/create
Method: POST
Request Headers:
{
  "accept-encoding": "gzip, deflate, br",
  "Accept": "*/*",
  "User-Agent": "Thunder Client (https://www.thunderclient.com)"
}

---------------- Running Request: ----------------
Environment Used: mongodb (Active)
Request Url: http://localhost:3001/user/create
Method: POST
Request Headers:
{
  "accept-encoding": "gzip, deflate, br",
  "Accept": "*/*",
  "User-Agent": "Thunder Client (https://www.thunderclient.com)"
}

---------------- Running Request: ----------------
Environment Used: mongodb (Active)
Request Url: http://localhost:3001/user/create
Method: POST
Request Headers:
{
  "accept-encoding": "gzip, deflate, br",
  "Accept": "*/*",
  "User-Agent": "Thunder Client (https://www.thunderclient.com)"
}

---------------- Running Request: ----------------
Environment Used: mongodb (Active)
Request Url: http://localhost:3001/user/create
Method: POST
Request Headers:
{
  "accept-encoding": "gzip, deflate, br",
  "Accept": "*/*",
  "User-Agent": "Thunder Client (https://www.thunderclient.com)"
}

---------------- Running Request: ----------------
Environment Used: mongodb (Active)
Request Url: http://localhost:3001/user/create
Method: POST
Request Headers:
{
  "accept-encoding": "gzip, deflate, br",
  "Accept": "*/*",
  "User-Agent": "Thunder Client (https://www.thunderclient.com)"
}

---------------- Running Request: ----------------
Environment Used: mongodb (Active)
Request Url: http://localhost:3001/user/create
Method: POST
Request Headers:
{
  "accept-encoding": "gzip, deflate, br",
  "Accept": "*/*",
  "User-Agent": "Thunder Client (https://www.thunderclient.com)"
}

---------------- Running Request: ----------------
Environment Used: mongodb (Active)
Request Url: http://localhost:3001/user/
Method: POST
Request Headers:
{
  "accept-encoding": "gzip, deflate, br",
  "Accept": "*/*",
  "User-Agent": "Thunder Client (https://www.thunderclient.com)"
}

---------------- Running Request: ----------------
Environment Used: mongodb (Active)
Request Url: http://localhost:3001/user%5C
Method: POST
Request Headers:
{
  "accept-encoding": "gzip, deflate, br",
  "Accept": "*/*",
  "User-Agent": "Thunder Client (https://www.thunderclient.com)"
}

---------------- Running Request: ----------------
Environment Used: mongodb (Active)
Request Url: http://localhost:3001/user
Method: POST
Request Headers:
{
  "accept-encoding": "gzip, deflate, br",
  "Accept": "*/*",
  "User-Agent": "Thunder Client (https://www.thunderclient.com)"
}

---------------- Running Request: ----------------
Environment Used: mongodb (Active)
Request Url: http://localhost:3001/user
Method: POST
Request Headers:
{
  "accept-encoding": "gzip, deflate, br",
  "Accept": "*/*",
  "User-Agent": "Thunder Client (https://www.thunderclient.com)"
}

---------------- Running Request: ----------------
Environment Used: mongodb (Active)
Request Url: http://localhost:3001/user
Method: POST
Request Headers:
{
  "accept-encoding": "gzip, deflate, br",
  "Accept": "*/*",
  "User-Agent": "Thunder Client (https://www.thunderclient.com)"
}

---------------- Running Request: ----------------
Environment Used: mongodb (Active)
Request Url: http://localhost:3001/user
Method: POST
Request Headers:
{
  "accept-encoding": "gzip, deflate, br",
  "Accept": "*/*",
  "User-Agent": "Thunder Client (https://www.thunderclient.com)"
}

---------------- Running Request: ----------------
Environment Used: mongodb (Active)
Request Url: http://localhost:3001/user
Method: POST
Request Headers:
{
  "accept-encoding": "gzip, deflate, br",
  "Accept": "*/*",
  "User-Agent": "Thunder Client (https://www.thunderclient.com)"
}

---------------- Running Request: ----------------
Environment Used: mongodb (Active)
Request Url: http://localhost:3001/user
Method: POST
Request Headers:
{
  "accept-encoding": "gzip, deflate, br",
  "Accept": "*/*",
  "User-Agent": "Thunder Client (https://www.thunderclient.com)"
}

---------------- Running Request: ----------------
Environment Used: mongodb (Active)
Request Url: http://localhost:3001/user
Method: POST
Request Headers:
{
  "accept-encoding": "gzip, deflate, br",
  "Accept": "*/*",
  "User-Agent": "Thunder Client (https://www.thunderclient.com)"
}

---------------- Running Request: ----------------
Environment Used: mongodb (Active)
Request Url: http://localhost:3001/user
Method: POST
Request Headers:
{
  "accept-encoding": "gzip, deflate, br",
  "Accept": "*/*",
  "User-Agent": "Thunder Client (https://www.thunderclient.com)"
}

---------------- Running Request: ----------------
Environment Used: mongodb (Active)
Request Url: http://localhost:3001/user
Method: POST
Request Headers:
{
  "accept-encoding": "gzip, deflate, br",
  "Accept": "*/*",
  "User-Agent": "Thunder Client (https://www.thunderclient.com)"
}

---------------- Running Request: ----------------
Environment Used: mongodb (Active)
Request Url: http://localhost:3001/user
Method: POST
Request Headers:
{
  "accept-encoding": "gzip, deflate, br",
  "Accept": "*/*",
  "User-Agent": "Thunder Client (https://www.thunderclient.com)"
}

---------------- Running Request: ----------------
Environment Used: mongodb (Active)
Request Url: http://localhost:3001/user
Method: POST
Request Headers:
{
  "accept-encoding": "gzip, deflate, br",
  "Accept": "*/*",
  "User-Agent": "Thunder Client (https://www.thunderclient.com)"
}

---------------- Running Request: ----------------
Environment Used: mongodb (Active)
Request Url: http://localhost:3001/user
Method: POST
Request Headers:
{
  "accept-encoding": "gzip, deflate, br",
  "Accept": "*/*",
  "User-Agent": "Thunder Client (https://www.thunderclient.com)"
}

---------------- Running Request: ----------------
Environment Used: mongodb (Active)
Request Url: http://localhost:3001/user
Method: POST
Request Headers:
{
  "accept-encoding": "gzip, deflate, br",
  "Accept": "*/*",
  "User-Agent": "Thunder Client (https://www.thunderclient.com)"
}

---------------- Running Request: ----------------
Environment Used: mongodb (Active)
Request Url: http://localhost:3001/user
Method: POST
Request Headers:
{
  "accept-encoding": "gzip, deflate, br",
  "Accept": "*/*",
  "User-Agent": "Thunder Client (https://www.thunderclient.com)"
}

---------------- Running Request: ----------------
Environment Used: mongodb (Active)
Request Url: http://localhost:3001/user
Method: POST
Request Headers:
{
  "accept-encoding": "gzip, deflate, br",
  "Accept": "*/*",
  "User-Agent": "Thunder Client (https://www.thunderclient.com)"
}

---------------- Running Request: ----------------
Environment Used: mongodb (Active)
Request Url: http://localhost:3001/user
Method: POST
Request Headers:
{
  "accept-encoding": "gzip, deflate, br",
  "Accept": "*/*",
  "User-Agent": "Thunder Client (https://www.thunderclient.com)"
}

---------------- Running Request: ----------------
Environment Used: mongodb (Active)
Request Url: http://localhost:3001/user
Method: POST
Request Headers:
{
  "accept-encoding": "gzip, deflate, br",
  "Accept": "*/*",
  "User-Agent": "Thunder Client (https://www.thunderclient.com)"
}

---------------- Running Request: ----------------
Environment Used: mongodb (Active)
Request Url: http://localhost:3001/user
Method: POST
Request Headers:
{
  "accept-encoding": "gzip, deflate, br",
  "Accept": "*/*",
  "User-Agent": "Thunder Client (https://www.thunderclient.com)"
}

---------------- Running Request: ----------------
Environment Used: mongodb (Active)
Request Url: http://localhost:3001/user
Method: POST
Request Headers:
{
  "accept-encoding": "gzip, deflate, br",
  "Accept": "*/*",
  "User-Agent": "Thunder Client (https://www.thunderclient.com)"
}

---------------- Running Request: ----------------
Environment Used: mongodb (Active)
Request Url: http://localhost:3001/user
Method: POST
Request Headers:
{
  "accept-encoding": "gzip, deflate, br",
  "Accept": "*/*",
  "User-Agent": "Thunder Client (https://www.thunderclient.com)"
}

---------------- Running Request: ----------------
Environment Used: mongodb (Active)
Request Url: http://localhost:3001/user
Method: POST
Request Headers:
{
  "accept-encoding": "gzip, deflate, br",
  "Accept": "*/*",
  "User-Agent": "Thunder Client (https://www.thunderclient.com)"
}

---------------- Running Request: ----------------
Environment Used: mongodb (Active)
Request Url: http://localhost:3001/user
Method: POST
Request Headers:
{
  "accept-encoding": "gzip, deflate, br",
  "Accept": "*/*",
  "User-Agent": "Thunder Client (https://www.thunderclient.com)"
}

---------------- Running Request: ----------------
Environment Used: mongodb (Active)
Request Url: http://localhost:3001/user
Method: POST
Request Headers:
{
  "accept-encoding": "gzip, deflate, br",
  "Accept": "*/*",
  "User-Agent": "Thunder Client (https://www.thunderclient.com)"
}

---------------- Running Request: ----------------
Environment Used: mongodb (Active)
Request Url: http://localhost:3001/user
Method: POST
Request Headers:
{
  "accept-encoding": "gzip, deflate, br",
  "Accept": "*/*",
  "User-Agent": "Thunder Client (https://www.thunderclient.com)"
}

---------------- Running Request: ----------------
Environment Used: mongodb (Active)
Request Url: http://localhost:3001/user
Method: POST
Request Headers:
{
  "accept-encoding": "gzip, deflate, br",
  "Accept": "*/*",
  "User-Agent": "Thunder Client (https://www.thunderclient.com)"
}

---------------- Running Request: ----------------
Environment Used: mongodb (Active)
Request Url: http://localhost:3001/user
Method: POST
Request Headers:
{
  "accept-encoding": "gzip, deflate, br",
  "Accept": "*/*",
  "User-Agent": "Thunder Client (https://www.thunderclient.com)"
}

---------------- Running Request: ----------------
Environment Used: mongodb (Active)
Request Url: http://localhost:3001/user
Method: POST
Request Headers:
{
  "accept-encoding": "gzip, deflate, br",
  "Accept": "*/*",
  "User-Agent": "Thunder Client (https://www.thunderclient.com)"
}

---------------- Running Request: ----------------
Environment Used: mongodb (Active)
Request Url: http://localhost:3001/user
Method: POST
Request Headers:
{
  "content-length": "56",
  "accept-encoding": "gzip, deflate, br",
  "Accept": "*/*",
  "User-Agent": "Thunder Client (https://www.thunderclient.com)",
  "Content-Type": "application/json"
}
Request Body:
{
  "name": "Abubakir",
  "age": 20,
  "role": "Admin"
}

---------------- Running Request: ----------------
Environment Used: mongodb (Active)
Request Url: http://localhost:3001/user
Method: POST
Request Headers:
{
  "content-length": "56",
  "accept-encoding": "gzip, deflate, br",
  "Accept": "*/*",
  "User-Agent": "Thunder Client (https://www.thunderclient.com)",
  "Content-Type": "application/json"
}
Request Body:
{
  "name": "Abubakir",
  "age": 20,
  "role": "Admin"
}

---------------- Running Request: ----------------
Environment Used: mongodb (Active)
Request Url: http://localhost:3001/user
Method: POST
Request Headers:
{
  "content-length": "56",
  "accept-encoding": "gzip, deflate, br",
  "Accept": "*/*",
  "User-Agent": "Thunder Client (https://www.thunderclient.com)",
  "Content-Type": "application/json"
}
Request Body:
{
  "name": "Abubakir",
  "age": 20,
  "role": "Admin"
}

---------------- Running Request: ----------------
Environment Used: mongodb (Active)
Request Url: http://localhost:3001/user
Method: POST
Request Headers:
{
  "content-length": "56",
  "accept-encoding": "gzip, deflate, br",
  "cookie": "koa.sess=eyJ2aWV3cyI6MSwiX2V4cGlyZSI6MTcxMzA5NTUzMDgwMiwiX21heEFnZSI6ODY0MDAwMDB9; koa.sess.sig=b4NM6h0uQPBtv75YHxTbsm-NuDs",
  "Accept": "*/*",
  "User-Agent": "Thunder Client (https://www.thunderclient.com)",
  "Content-Type": "application/json"
}
Request Body:
{
  "name": "Abubakir",
  "age": 20,
  "role": "Admin"
}
